build/app/intermediates/manifest_merge_blame_file/debug/manifest-merger-blame-debug-report.txt
1<?xml version="1.0" encoding="utf-8"?>
2<!--
3 Copyright 2014 The Flutter Authors. All rights reserved.
4Use of this source code is governed by a BSD-style license that can be
5found in the LICENSE file.
6-->
7<manifest xmlns:android="http://schemas.android.com/apk/res/android"
8    package="io.flutter.examples.platform_channel"
9    android:versionCode="1"
10    android:versionName="1.0" >
11
12    <uses-sdk
13        android:minSdkVersion="16"
13-->src\main\AndroidManifest.xml
14        android:targetSdkVersion="28" />
14-->src\main\AndroidManifest.xml
15
16    <!--
17         The INTERNET permission is required for development. Specifically,
18         flutter needs it to communicate with the running application
19         to allow setting breakpoints, to provide hot reload, etc.
20    -->
21    <uses-permission android:name="android.permission.INTERNET" />
21-->src\main\AndroidManifest.xml:12:5-66
21-->src\main\AndroidManifest.xml:12:22-64
22    <uses-permission android:name="android.permission.ACCESS_FINE_LOCATION" />
22-->src\main\AndroidManifest.xml:13:5-78
22-->src\main\AndroidManifest.xml:13:22-76
23
24    <application
24-->src\main\AndroidManifest.xml:15:5-32:19
25        android:appComponentFactory="androidx.core.app.CoreComponentFactory"
25-->[androidx.core:core:1.0.0] AndroidManifest.xml:22:18-86
26        android:debuggable="true"
27        android:label="@string/app_name" >
27-->src\main\AndroidManifest.xml:15:18-50
28        <activity
28-->src\main\AndroidManifest.xml:16:9-26:20
29            android:name="com.example.platformchannel.MainActivity"
29-->src\main\AndroidManifest.xml:16:19-47
30            android:configChanges="orientation|keyboardHidden|keyboard|screenSize|locale|layoutDirection|fontScale|screenLayout|density|uiMode"
30-->src\main\AndroidManifest.xml:19:19-150
31            android:hardwareAccelerated="true"
31-->src\main\AndroidManifest.xml:20:19-53
32            android:launchMode="singleTop"
32-->src\main\AndroidManifest.xml:17:19-49
33            android:theme="@android:style/Theme.Black.NoTitleBar"
33-->src\main\AndroidManifest.xml:18:19-72
34            android:windowSoftInputMode="adjustResize" >
34-->src\main\AndroidManifest.xml:21:19-61
35            <intent-filter>
35-->src\main\AndroidManifest.xml:22:13-25:29
36                <action android:name="android.intent.action.MAIN" />
36-->src\main\AndroidManifest.xml:23:17-68
36-->src\main\AndroidManifest.xml:23:25-66
37
38                <category android:name="android.intent.category.LAUNCHER" />
38-->src\main\AndroidManifest.xml:24:17-76
38-->src\main\AndroidManifest.xml:24:27-74
39            </intent-filter>
40        </activity>
41        <!--
42         Don't delete the meta-data below.
43         This is used by the Flutter tool to generate GeneratedPluginRegistrant.java
44        -->
45        <meta-data
45-->src\main\AndroidManifest.xml:29:9-31:33
46            android:name="flutterEmbedding"
46-->src\main\AndroidManifest.xml:30:13-44
47            android:value="2" />
47-->src\main\AndroidManifest.xml:31:13-30
48    </application>
49
50</manifest>